2025-11-05 09:47:26 - stock_prediction - INFO - ================================================================================
2025-11-05 09:47:26 - stock_prediction - INFO - 股票预测项目 - Alpha101因子量化预测
2025-11-05 09:47:26 - stock_prediction - INFO - ================================================================================
2025-11-05 09:47:26 - stock_prediction - INFO - 开始时间: 2025-11-05 09:47:26
2025-11-05 09:47:26 - stock_prediction - INFO - 运行配置:
2025-11-05 09:47:26 - stock_prediction - INFO -   数据文件: daily_data.csv
2025-11-05 09:47:26 - stock_prediction - INFO -   训练集截止日期: 2019-12-31
2025-11-05 09:47:26 - stock_prediction - INFO -   测试集起始日期: 2020-01-01
2025-11-05 09:47:26 - stock_prediction - INFO -   Alpha因子数量: 27
2025-11-05 09:47:26 - stock_prediction - INFO -   模型类型: ['LightGBM', 'XGBoost']
2025-11-05 09:47:26 - stock_prediction - INFO -   特征选择数量: 50
2025-11-05 09:47:26 - stock_prediction - INFO - --------------------------------------------------------------------------------
2025-11-05 09:47:26 - stock_prediction - INFO - 【步骤1】数据加载与预处理
2025-11-05 09:47:26 - stock_prediction - INFO - --------------------------------------------------------------------------------
2025-11-05 09:47:29 - stock_prediction - INFO - 原始数据 信息:
2025-11-05 09:47:29 - stock_prediction - INFO -   形状: (953712, 17)
2025-11-05 09:47:29 - stock_prediction - INFO -   列数: 17
2025-11-05 09:47:29 - stock_prediction - INFO -   行数: 953712
2025-11-05 09:47:29 - stock_prediction - INFO -   内存使用: 680.79 MB
2025-11-05 09:47:31 - stock_prediction - INFO - 预处理后数据 信息:
2025-11-05 09:47:31 - stock_prediction - INFO -   形状: (953692, 19)
2025-11-05 09:47:31 - stock_prediction - INFO -   列数: 19
2025-11-05 09:47:31 - stock_prediction - INFO -   行数: 953692
2025-11-05 09:47:31 - stock_prediction - INFO -   内存使用: 193.73 MB
2025-11-05 09:47:31 - stock_prediction - INFO - 训练集样本数: 547698
2025-11-05 09:47:31 - stock_prediction - INFO - 测试集样本数: 405626
2025-11-05 09:47:31 - stock_prediction - INFO - 训练集股票数: 659
2025-11-05 09:47:31 - stock_prediction - INFO - 测试集股票数: 524
2025-11-05 09:47:31 - stock_prediction - INFO - --------------------------------------------------------------------------------
2025-11-05 09:47:31 - stock_prediction - INFO - 【步骤2】特征工程
2025-11-05 09:47:31 - stock_prediction - INFO - --------------------------------------------------------------------------------
2025-11-05 09:47:31 - stock_prediction - INFO - 开始生成训练集特征...
2025-11-05 09:47:31 - stock_prediction - INFO - 计算Alpha因子: [1, 2, 3, 4, 5, 6, 7, 8, 9, 10, 11, 12, 13, 14, 15, 16, 17, 18, 19, 20, 21, 22, 23, 24, 25, 26, 101]
2025-11-05 09:48:47 - stock_prediction - INFO - 训练集特征 信息:
2025-11-05 09:48:47 - stock_prediction - INFO -   形状: (547698, 63)
2025-11-05 09:48:47 - stock_prediction - INFO -   列数: 63
2025-11-05 09:48:47 - stock_prediction - INFO -   行数: 547698
2025-11-05 09:48:47 - stock_prediction - INFO -   内存使用: 299.29 MB
2025-11-05 09:48:47 - stock_prediction - INFO - 开始生成测试集特征...
2025-11-05 09:49:36 - stock_prediction - INFO - 测试集特征 信息:
2025-11-05 09:49:36 - stock_prediction - INFO -   形状: (405626, 63)
2025-11-05 09:49:36 - stock_prediction - INFO -   列数: 63
2025-11-05 09:49:36 - stock_prediction - INFO -   行数: 405626
2025-11-05 09:49:36 - stock_prediction - INFO -   内存使用: 221.66 MB
2025-11-05 09:49:36 - stock_prediction - INFO - --------------------------------------------------------------------------------
2025-11-05 09:49:36 - stock_prediction - INFO - 【步骤3】特征选择
2025-11-05 09:49:36 - stock_prediction - INFO - --------------------------------------------------------------------------------
2025-11-05 09:49:36 - stock_prediction - INFO - 移除y=0样本后，训练集样本数: 547698
2025-11-05 09:49:36 - stock_prediction - INFO - 初始特征数量: 51
2025-11-05 09:49:36 - stock_prediction - INFO - 移除高缺失率特征后，剩余 51 个特征
2025-11-05 09:49:37 - stock_prediction - INFO - 训练集大小: (547698, 51)
2025-11-05 09:49:37 - stock_prediction - INFO - 目标变量统计: 均值=-0.000059, 标准差=0.020448
2025-11-05 09:49:37 - stock_prediction - INFO - 开始特征选择...
2025-11-05 09:49:37 - stock_prediction - INFO - 移除低方差特征后: 46 个特征
2025-11-05 09:49:39 - stock_prediction - INFO - 移除高相关性特征后: 37 个特征
2025-11-05 09:49:39 - stock_prediction - INFO - 最终选择 37 个特征用于建模
2025-11-05 09:49:39 - stock_prediction - INFO - Top 10特征: ['alpha005', 'momentum_5', 'alpha011', 'momentum_20', 'momentum_10', 'alpha004', 'alpha013', 'alpha026', 'alpha016', 'alpha023']
2025-11-05 09:49:39 - stock_prediction - INFO - --------------------------------------------------------------------------------
2025-11-05 09:49:39 - stock_prediction - INFO - 【步骤4】模型训练
2025-11-05 09:49:39 - stock_prediction - INFO - --------------------------------------------------------------------------------
2025-11-05 09:49:39 - stock_prediction - INFO - 训练集: (438158, 37), 验证集: (109540, 37)
2025-11-05 09:49:39 - stock_prediction - INFO - ========================================
2025-11-05 09:49:39 - stock_prediction - INFO - 训练LightGBM模型...
2025-11-05 09:49:39 - stock_prediction - INFO - ========================================
2025-11-05 09:49:41 - stock_prediction - INFO - 
LightGBM验证集评估:
2025-11-05 09:49:41 - stock_prediction - INFO - LightGBM性能指标:
2025-11-05 09:49:41 - stock_prediction - INFO -   MSE: 0.0004942364795929255
2025-11-05 09:49:41 - stock_prediction - INFO -   RMSE: 0.022231429994332922
2025-11-05 09:49:41 - stock_prediction - INFO -   MAE: 0.014571438022737124
2025-11-05 09:49:41 - stock_prediction - INFO -   Correlation: 0.07535734752804732
2025-11-05 09:49:41 - stock_prediction - INFO - 
LightGBM Top 10特征重要性:
2025-11-05 09:49:41 - stock_prediction - INFO -   momentum_20: 148.0000
2025-11-05 09:49:41 - stock_prediction - INFO -   price_position: 144.0000
2025-11-05 09:49:41 - stock_prediction - INFO -   momentum_5: 132.0000
2025-11-05 09:49:41 - stock_prediction - INFO -   momentum_10: 123.0000
2025-11-05 09:49:41 - stock_prediction - INFO -   alpha011: 119.0000
2025-11-05 09:49:41 - stock_prediction - INFO -   alpha101: 115.0000
2025-11-05 09:49:41 - stock_prediction - INFO -   alpha009: 112.0000
2025-11-05 09:49:41 - stock_prediction - INFO -   alpha020: 107.0000
2025-11-05 09:49:41 - stock_prediction - INFO -   high: 106.0000
2025-11-05 09:49:41 - stock_prediction - INFO -   turnover_rate_rank: 97.0000
2025-11-05 09:49:41 - stock_prediction - INFO - 
========================================
2025-11-05 09:49:41 - stock_prediction - INFO - 训练XGBoost模型...
2025-11-05 09:49:41 - stock_prediction - INFO - ========================================
2025-11-05 09:49:43 - stock_prediction - INFO - 
XGBoost验证集评估:
2025-11-05 09:49:43 - stock_prediction - INFO - XGBoost性能指标:
2025-11-05 09:49:43 - stock_prediction - INFO -   MSE: 0.000494277345482058
2025-11-05 09:49:43 - stock_prediction - INFO -   RMSE: 0.022232349077010688
2025-11-05 09:49:43 - stock_prediction - INFO -   MAE: 0.014569731393283027
2025-11-05 09:49:43 - stock_prediction - INFO -   Correlation: 0.07495609537943776
2025-11-05 09:49:43 - stock_prediction - INFO - 
XGBoost Top 10特征重要性:
2025-11-05 09:49:43 - stock_prediction - INFO -   price_position: 0.0356
2025-11-05 09:49:43 - stock_prediction - INFO -   volume: 0.0338
2025-11-05 09:49:43 - stock_prediction - INFO -   high: 0.0324
2025-11-05 09:49:43 - stock_prediction - INFO -   alpha020: 0.0302
2025-11-05 09:49:43 - stock_prediction - INFO -   alpha022: 0.0299
2025-11-05 09:49:43 - stock_prediction - INFO -   alpha006: 0.0298
2025-11-05 09:49:43 - stock_prediction - INFO -   volume_rank: 0.0296
2025-11-05 09:49:43 - stock_prediction - INFO -   alpha003: 0.0295
2025-11-05 09:49:43 - stock_prediction - INFO -   alpha101: 0.0294
2025-11-05 09:49:43 - stock_prediction - INFO -   market_cap_rank: 0.0289
2025-11-05 09:49:43 - stock_prediction - INFO - --------------------------------------------------------------------------------
2025-11-05 09:49:43 - stock_prediction - INFO - 【步骤5】模型集成
2025-11-05 09:49:43 - stock_prediction - INFO - --------------------------------------------------------------------------------
2025-11-05 09:49:43 - stock_prediction - INFO - 已添加2个模型到集成器
2025-11-05 09:49:43 - stock_prediction - INFO - 
集成模型验证集评估:
2025-11-05 09:49:43 - stock_prediction - INFO - 集成模型性能指标:
2025-11-05 09:49:43 - stock_prediction - INFO -   MSE: 0.0004939656858837032
2025-11-05 09:49:43 - stock_prediction - INFO -   RMSE: 0.02222533882494715
2025-11-05 09:49:43 - stock_prediction - INFO -   MAE: 0.014566103365038772
2025-11-05 09:49:43 - stock_prediction - INFO -   Correlation: 0.07895417640776929
2025-11-05 09:49:43 - stock_prediction - INFO - --------------------------------------------------------------------------------
2025-11-05 09:49:43 - stock_prediction - INFO - 【步骤6】测试集预测
2025-11-05 09:49:43 - stock_prediction - INFO - --------------------------------------------------------------------------------
2025-11-05 09:49:44 - stock_prediction - INFO - 测试集大小: (405626, 37)
2025-11-05 09:49:44 - stock_prediction - INFO - 测试集日期范围: 2020-01-02 15:00:00 至 2023-11-15 15:00:00
2025-11-05 09:49:44 - stock_prediction - INFO - 开始预测...
2025-11-05 09:49:44 - stock_prediction - INFO - 预测值统计: 均值=-0.000135, 标准差=0.001519
2025-11-05 09:49:44 - stock_prediction - INFO - 预测值范围: [-0.038428, 0.060119]
2025-11-05 09:49:45 - stock_prediction - INFO - 预测结果已保存到: predictions.csv
2025-11-05 09:49:45 - stock_prediction - INFO - 预测样本数: 405626
2025-11-05 09:49:45 - stock_prediction - INFO - 预测结果统计:
2025-11-05 09:49:45 - stock_prediction - INFO -   预测样本数: 405626
2025-11-05 09:49:45 - stock_prediction - INFO -   预测股票数: 524
2025-11-05 09:49:45 - stock_prediction - INFO -   预测日期数: 938
2025-11-05 09:49:45 - stock_prediction - INFO -   预测值均值: -0.00013538456138378012
2025-11-05 09:49:45 - stock_prediction - INFO -   预测值标准差: 0.00151894490482774
2025-11-05 09:49:45 - stock_prediction - INFO -   预测值最小值: -0.038427653443582455
2025-11-05 09:49:45 - stock_prediction - INFO -   预测值最大值: 0.060119135543756155
2025-11-05 09:49:45 - stock_prediction - INFO - --------------------------------------------------------------------------------
2025-11-05 09:49:45 - stock_prediction - INFO - 【步骤7】保存模型
2025-11-05 09:49:45 - stock_prediction - INFO - --------------------------------------------------------------------------------
2025-11-05 09:49:45 - stock_prediction - INFO - LightGBM模型已保存到: models/lgb_model.pkl
2025-11-05 09:49:45 - stock_prediction - INFO - XGBoost模型已保存到: models/xgb_model.pkl
2025-11-05 09:49:45 - stock_prediction - INFO - 特征列表已保存到: models/feature_list.pkl
2025-11-05 09:49:45 - stock_prediction - INFO - 运行摘要已保存到: logs/run_summary.json
2025-11-05 09:49:45 - stock_prediction - INFO - ================================================================================
2025-11-05 09:49:45 - stock_prediction - INFO - 【步骤8】结果总结
2025-11-05 09:49:45 - stock_prediction - INFO - ================================================================================
2025-11-05 09:49:45 - stock_prediction - INFO - 
模型性能对比:
2025-11-05 09:49:45 - stock_prediction - INFO -   LightGBM Correlation: 0.075357
2025-11-05 09:49:45 - stock_prediction - INFO -   XGBoost Correlation: 0.074956
2025-11-05 09:49:45 - stock_prediction - INFO -   Ensemble Correlation: 0.078954
2025-11-05 09:49:45 - stock_prediction - INFO - 
最佳模型: Ensemble
2025-11-05 09:49:45 - stock_prediction - INFO - 
结束时间: 2025-11-05 09:49:45
2025-11-05 09:49:45 - stock_prediction - INFO - ================================================================================
2025-11-05 09:49:45 - stock_prediction - INFO - 项目完成!
2025-11-05 09:49:45 - stock_prediction - INFO - ================================================================================
2025-11-05 09:49:45 - stock_prediction - INFO - 
详细日志已保存到: logs/stock_prediction_20251105_094726.log
